[31/Aug/2020:14:26:58 +0700] XNIO-2 task-1 POST /authenticate%20 HTTP/1.1 401 131 -
[31/Aug/2020:14:27:08 +0700] XNIO-2 task-1 GET /authenticate%20 HTTP/1.1 401 301 -
[31/Aug/2020:14:27:08 +0700] XNIO-2 task-1 GET /favicon.ico HTTP/1.1 401 129 -
[31/Aug/2020:14:27:46 +0700] XNIO-2 task-1 GET / HTTP/1.1 401 301 -
[31/Aug/2020:14:27:46 +0700] XNIO-2 task-1 GET /favicon.ico HTTP/1.1 401 130 -
[31/Aug/2020:14:27:47 +0700] XNIO-2 task-1 GET / HTTP/1.1 401 301 -
[31/Aug/2020:14:27:47 +0700] XNIO-2 task-1 GET /favicon.ico HTTP/1.1 401 130 -
[31/Aug/2020:14:27:48 +0700] XNIO-2 task-1 GET / HTTP/1.1 401 301 -
[31/Aug/2020:14:27:48 +0700] XNIO-2 task-1 GET /favicon.ico HTTP/1.1 401 129 -
[31/Aug/2020:14:27:48 +0700] XNIO-2 task-1 GET / HTTP/1.1 401 301 -
[31/Aug/2020:14:27:48 +0700] XNIO-2 task-1 GET /favicon.ico HTTP/1.1 401 130 -
[31/Aug/2020:14:28:08 +0700] XNIO-2 task-1 GET / HTTP/1.1 401 301 -
[31/Aug/2020:14:28:08 +0700] XNIO-2 task-1 GET /favicon.ico HTTP/1.1 401 130 -
[31/Aug/2020:14:39:36 +0700] XNIO-2 task-1 OPTIONS /authenticate HTTP/1.1 200 - -
[31/Aug/2020:14:39:39 +0700] XNIO-2 task-1 POST /authenticate HTTP/1.1 500 1881 -
[31/Aug/2020:14:39:58 +0700] XNIO-2 task-1 POST /authenticate HTTP/1.1 500 1882 -
[31/Aug/2020:14:40:09 +0700] XNIO-2 task-1 POST /authenticate HTTP/1.1 500 1881 -
[31/Aug/2020:14:40:09 +0700] XNIO-2 task-1 POST /authenticate HTTP/1.1 500 1881 -
[31/Aug/2020:14:40:09 +0700] XNIO-2 task-1 POST /authenticate HTTP/1.1 500 1881 -
[31/Aug/2020:14:40:10 +0700] XNIO-2 task-1 POST /authenticate HTTP/1.1 500 1882 -
[31/Aug/2020:14:40:22 +0700] XNIO-2 task-1 POST /authenticate HTTP/1.1 500 1882 -
[31/Aug/2020:14:46:06 +0700] XNIO-2 task-3 POST /authenticate HTTP/1.1 200 194 -
[31/Aug/2020:14:46:06 +0700] XNIO-2 task-2 POST /authenticate HTTP/1.1 200 194 -
[31/Aug/2020:14:46:06 +0700] XNIO-2 task-1 POST /authenticate HTTP/1.1 200 194 -
[31/Aug/2020:14:46:06 +0700] XNIO-2 task-1 GET /dashboard HTTP/1.1 401 127 -
[31/Aug/2020:14:46:06 +0700] XNIO-2 task-1 GET /dashboard HTTP/1.1 401 127 -
[31/Aug/2020:14:46:06 +0700] XNIO-2 task-1 GET /dashboard HTTP/1.1 401 126 -
[31/Aug/2020:14:46:53 +0700] XNIO-2 task-1 POST /authenticate HTTP/1.1 200 195 -
[31/Aug/2020:14:46:53 +0700] XNIO-2 task-2 GET /dashboard HTTP/1.1 401 127 -
[31/Aug/2020:14:47:38 +0700] XNIO-2 task-2 POST /authenticate HTTP/1.1 200 195 -
[31/Aug/2020:14:47:38 +0700] XNIO-2 task-2 GET /dashboard HTTP/1.1 401 127 -
[31/Aug/2020:14:48:39 +0700] XNIO-2 task-2 POST /authenticate HTTP/1.1 200 197 -
[31/Aug/2020:14:48:39 +0700] XNIO-2 task-2 GET /dashboard HTTP/1.1 401 127 -
[31/Aug/2020:14:48:39 +0700] XNIO-2 task-2 POST /authenticate HTTP/1.1 200 197 -
[31/Aug/2020:14:48:39 +0700] XNIO-2 task-2 GET /dashboard HTTP/1.1 401 127 -
[31/Aug/2020:14:48:39 +0700] XNIO-2 task-2 POST /authenticate HTTP/1.1 200 197 -
[31/Aug/2020:14:48:39 +0700] XNIO-2 task-2 GET /dashboard HTTP/1.1 401 127 -
[31/Aug/2020:14:48:39 +0700] XNIO-2 task-2 POST /authenticate HTTP/1.1 200 197 -
[31/Aug/2020:14:48:39 +0700] XNIO-2 task-2 GET /dashboard HTTP/1.1 401 127 -
[31/Aug/2020:14:48:39 +0700] XNIO-2 task-2 POST /authenticate HTTP/1.1 200 197 -
[31/Aug/2020:14:48:39 +0700] XNIO-2 task-2 GET /dashboard HTTP/1.1 401 127 -
[31/Aug/2020:14:48:40 +0700] XNIO-2 task-2 POST /authenticate HTTP/1.1 200 194 -
[31/Aug/2020:14:48:40 +0700] XNIO-2 task-2 GET /dashboard HTTP/1.1 401 125 -
[31/Aug/2020:14:48:40 +0700] XNIO-2 task-2 POST /authenticate HTTP/1.1 200 194 -
[31/Aug/2020:14:48:40 +0700] XNIO-2 task-2 GET /dashboard HTTP/1.1 401 125 -
[31/Aug/2020:14:51:30 +0700] XNIO-2 task-1 POST /authenticate HTTP/1.1 401 1920 -
[31/Aug/2020:14:51:34 +0700] XNIO-2 task-1 POST /authenticate HTTP/1.1 401 1925 -
[31/Aug/2020:14:51:40 +0700] XNIO-2 task-1 POST /authenticate HTTP/1.1 401 1923 -
[31/Aug/2020:14:52:28 +0700] XNIO-2 task-1 POST /authenticate%20 HTTP/1.1 401 130 -
[31/Aug/2020:14:52:42 +0700] XNIO-2 task-1 POST /authenticate%20 HTTP/1.1 401 130 -
[31/Aug/2020:14:59:15 +0700] XNIO-2 task-1 POST /authenticate HTTP/1.1 401 1920 -
[31/Aug/2020:14:59:18 +0700] XNIO-2 task-1 POST /authenticate HTTP/1.1 401 1925 -
[31/Aug/2020:14:59:28 +0700] XNIO-2 task-1 POST /authenticate HTTP/1.1 401 1925 -
[31/Aug/2020:14:59:37 +0700] XNIO-2 task-1 POST /authenticate HTTP/1.1 401 1924 -
[31/Aug/2020:14:59:41 +0700] XNIO-2 task-1 POST /authenticate HTTP/1.1 401 1925 -
[31/Aug/2020:14:59:41 +0700] XNIO-2 task-1 POST /authenticate HTTP/1.1 401 1925 -
[31/Aug/2020:14:59:41 +0700] XNIO-2 task-1 POST /authenticate HTTP/1.1 401 1925 -
[31/Aug/2020:15:00:21 +0700] XNIO-2 task-1 POST /authenticate HTTP/1.1 401 1919 -
[31/Aug/2020:15:02:52 +0700] XNIO-2 task-1 POST /authenticate HTTP/1.1 401 1925 -
[31/Aug/2020:15:06:17 +0700] XNIO-2 task-1 POST /authenticate HTTP/1.1 401 1904 -
[31/Aug/2020:15:06:47 +0700] XNIO-2 task-1 POST /authenticate%20 HTTP/1.1 401 131 -
[31/Aug/2020:15:07:13 +0700] XNIO-2 task-1 POST /authenticate HTTP/1.1 401 1909 -
[31/Aug/2020:15:07:43 +0700] XNIO-2 task-1 GET / HTTP/1.1 401 301 -
[31/Aug/2020:15:07:43 +0700] XNIO-2 task-1 GET /favicon.ico HTTP/1.1 401 129 -
[31/Aug/2020:15:08:05 +0700] XNIO-2 task-1 GET /authenticate HTTP/1.1 405 1734 -
[31/Aug/2020:15:08:05 +0700] XNIO-2 task-1 GET /favicon.ico HTTP/1.1 401 129 -
[31/Aug/2020:15:08:40 +0700] XNIO-2 task-1 POST /authenticate HTTP/1.1 401 1907 -
[31/Aug/2020:15:12:32 +0700] XNIO-2 task-1 OPTIONS /authenticate HTTP/1.1 200 - -
[31/Aug/2020:15:12:33 +0700] XNIO-2 task-2 POST /authenticate HTTP/1.1 401 1904 -
[31/Aug/2020:15:14:32 +0700] XNIO-2 task-2 OPTIONS /authenticate HTTP/1.1 200 - -
[31/Aug/2020:15:14:33 +0700] XNIO-2 task-2 POST /authenticate HTTP/1.1 401 1909 -
[31/Aug/2020:15:14:39 +0700] XNIO-2 task-2 POST /authenticate HTTP/1.1 401 1909 -
[31/Aug/2020:15:14:44 +0700] XNIO-2 task-2 POST /authenticate HTTP/1.1 401 1909 -
[31/Aug/2020:15:14:44 +0700] XNIO-2 task-1 POST /authenticate HTTP/1.1 401 1909 -
[31/Aug/2020:15:14:45 +0700] XNIO-2 task-1 POST /authenticate HTTP/1.1 401 1909 -
[31/Aug/2020:15:14:50 +0700] XNIO-2 task-1 POST /authenticate HTTP/1.1 401 1909 -
[31/Aug/2020:15:14:50 +0700] XNIO-2 task-2 POST /authenticate HTTP/1.1 401 1909 -
[31/Aug/2020:15:15:17 +0700] XNIO-2 task-2 POST /authenticate HTTP/1.1 401 1909 -
[31/Aug/2020:15:15:21 +0700] XNIO-2 task-2 POST /authenticate HTTP/1.1 401 1909 -
[31/Aug/2020:15:15:21 +0700] XNIO-2 task-2 POST /authenticate HTTP/1.1 401 1909 -
[31/Aug/2020:15:15:58 +0700] XNIO-2 task-2 POST /authenticate HTTP/1.1 401 1909 -
[31/Aug/2020:15:16:25 +0700] XNIO-2 task-1 POST /authenticate HTTP/1.1 401 1904 -
[31/Aug/2020:15:16:35 +0700] XNIO-2 task-1 POST /authenticate HTTP/1.1 401 1909 -
[31/Aug/2020:15:18:18 +0700] XNIO-2 task-1 POST /authenticate HTTP/1.1 401 1905 -
[31/Aug/2020:15:19:44 +0700] XNIO-2 task-1 POST /authenticate HTTP/1.1 401 1911 -
[31/Aug/2020:15:22:00 +0700] XNIO-2 task-1 POST /authenticate HTTP/1.1 401 1910 -
[31/Aug/2020:15:22:58 +0700] XNIO-2 task-1 POST /authenticate HTTP/1.1 401 1905 -
[31/Aug/2020:15:24:38 +0700] XNIO-2 task-1 POST /authenticate HTTP/1.1 401 1909 -
[31/Aug/2020:15:25:28 +0700] XNIO-2 task-1 POST /authenticate HTTP/1.1 401 1905 -
[31/Aug/2020:15:35:46 +0700] XNIO-2 task-1 POST /authenticate HTTP/1.1 401 1910 -
