[02/Sep/2020:09:55:00 +0700] XNIO-2 task-1 GET /api/test/admin HTTP/1.1 401 1907 -
[02/Sep/2020:09:55:05 +0700] XNIO-2 task-1 GET /api/test/all HTTP/1.1 200 15 -
[02/Sep/2020:09:55:12 +0700] XNIO-2 task-1 POST /api/auth/signin HTTP/1.1 200 279 -
[02/Sep/2020:09:55:15 +0700] XNIO-2 task-1 OPTIONS /api/test/admin HTTP/1.1 200 - -
[02/Sep/2020:09:55:15 +0700] XNIO-2 task-1 GET /api/test/admin HTTP/1.1 200 12 -
[02/Sep/2020:09:55:16 +0700] XNIO-2 task-1 OPTIONS /api/test/user HTTP/1.1 200 - -
[02/Sep/2020:09:55:16 +0700] XNIO-2 task-1 GET /api/test/user HTTP/1.1 200 13 -
[02/Sep/2020:09:55:16 +0700] XNIO-2 task-1 GET /api/test/admin HTTP/1.1 200 12 -
[02/Sep/2020:09:55:17 +0700] XNIO-2 task-1 GET /api/test/all HTTP/1.1 200 15 -
[02/Sep/2020:09:55:17 +0700] XNIO-2 task-1 GET /api/test/admin HTTP/1.1 200 12 -
[02/Sep/2020:09:55:18 +0700] XNIO-2 task-1 GET /api/test/user HTTP/1.1 200 13 -
[02/Sep/2020:09:55:19 +0700] XNIO-2 task-1 GET /api/test/admin HTTP/1.1 200 12 -
[02/Sep/2020:09:55:20 +0700] XNIO-2 task-1 GET /api/test/user HTTP/1.1 200 13 -
[02/Sep/2020:09:55:20 +0700] XNIO-2 task-1 GET /api/test/admin HTTP/1.1 200 12 -
[02/Sep/2020:09:55:20 +0700] XNIO-2 task-1 GET /api/test/all HTTP/1.1 200 15 -
[02/Sep/2020:10:39:00 +0700] XNIO-2 task-1 GET /api/test/all HTTP/1.1 200 15 -
[02/Sep/2020:10:39:01 +0700] XNIO-2 task-1 GET /api/test/all HTTP/1.1 200 15 -
[02/Sep/2020:10:39:03 +0700] XNIO-2 task-1 GET /api/test/admin HTTP/1.1 200 12 -
[02/Sep/2020:10:39:03 +0700] XNIO-2 task-2 GET /api/test/user HTTP/1.1 200 13 -
[02/Sep/2020:10:39:04 +0700] XNIO-2 task-2 GET /api/test/admin HTTP/1.1 200 12 -
[02/Sep/2020:10:39:05 +0700] XNIO-2 task-2 GET /api/test/user HTTP/1.1 200 13 -
[02/Sep/2020:10:39:06 +0700] XNIO-2 task-2 GET /api/test/admin HTTP/1.1 200 12 -
[02/Sep/2020:10:39:07 +0700] XNIO-2 task-2 GET /api/test/all HTTP/1.1 200 15 -
[02/Sep/2020:10:39:24 +0700] XNIO-2 task-2 POST /api/auth/signin HTTP/1.1 200 302 -
[02/Sep/2020:10:39:24 +0700] XNIO-2 task-2 GET /api/test/all HTTP/1.1 200 15 -
[02/Sep/2020:10:39:25 +0700] XNIO-2 task-2 GET /api/test/all HTTP/1.1 200 15 -
[02/Sep/2020:10:39:38 +0700] XNIO-2 task-2 POST /api/auth/signin HTTP/1.1 401 1868 -
[02/Sep/2020:10:39:44 +0700] XNIO-2 task-2 POST /api/auth/signin HTTP/1.1 200 295 -
[02/Sep/2020:10:39:44 +0700] XNIO-2 task-2 GET /api/test/all HTTP/1.1 200 15 -
[02/Sep/2020:10:39:44 +0700] XNIO-2 task-2 GET /api/test/all HTTP/1.1 200 15 -
[02/Sep/2020:10:40:34 +0700] XNIO-2 task-1 GET /api/test/all HTTP/1.1 200 15 -
[02/Sep/2020:10:40:40 +0700] XNIO-2 task-1 POST /api/auth/signin HTTP/1.1 200 283 -
[02/Sep/2020:10:41:12 +0700] XNIO-2 task-1 OPTIONS /api/auth/signin HTTP/1.1 200 - -
[02/Sep/2020:10:41:12 +0700] XNIO-2 task-2 POST /api/auth/signin HTTP/1.1 200 302 -
[02/Sep/2020:10:41:12 +0700] XNIO-2 task-2 GET /api/test/all HTTP/1.1 200 15 -
[02/Sep/2020:10:41:13 +0700] XNIO-2 task-2 GET /api/test/all HTTP/1.1 200 15 -
[02/Sep/2020:10:41:50 +0700] XNIO-2 task-1 GET /api/test/all HTTP/1.1 200 15 -
[02/Sep/2020:10:41:56 +0700] XNIO-2 task-1 POST /api/auth/signin HTTP/1.1 200 284 -
[02/Sep/2020:10:42:00 +0700] XNIO-2 task-1 GET /api/test/user HTTP/1.1 200 13 -
[02/Sep/2020:10:42:01 +0700] XNIO-2 task-1 GET /api/test/admin HTTP/1.1 200 12 -
[02/Sep/2020:10:42:01 +0700] XNIO-2 task-1 GET /api/test/user HTTP/1.1 200 13 -
[02/Sep/2020:10:42:03 +0700] XNIO-2 task-1 GET /api/test/admin HTTP/1.1 200 12 -
[02/Sep/2020:10:46:23 +0700] XNIO-2 task-1 GET /api/test/admin HTTP/1.1 200 12 -
[02/Sep/2020:11:00:12 +0700] XNIO-2 task-1 OPTIONS /api/test/admin HTTP/1.1 200 - -
[02/Sep/2020:11:00:12 +0700] XNIO-2 task-1 GET /api/test/admin HTTP/1.1 200 12 -
[02/Sep/2020:11:00:26 +0700] XNIO-2 task-1 GET /api/test/all HTTP/1.1 200 15 -
[02/Sep/2020:11:00:30 +0700] XNIO-2 task-1 GET /api/test/all HTTP/1.1 200 15 -
[02/Sep/2020:11:00:34 +0700] XNIO-2 task-1 GET /api/test/admin HTTP/1.1 200 12 -
[02/Sep/2020:11:00:35 +0700] XNIO-2 task-1 OPTIONS /api/test/user HTTP/1.1 200 - -
[02/Sep/2020:11:00:35 +0700] XNIO-2 task-1 GET /api/test/user HTTP/1.1 200 13 -
[02/Sep/2020:11:05:40 +0700] XNIO-2 task-1 GET /api/test/admin HTTP/1.1 401 1909 -
[02/Sep/2020:11:05:46 +0700] XNIO-2 task-1 POST /api/auth/signin HTTP/1.1 200 284 -
[02/Sep/2020:11:08:08 +0700] XNIO-2 task-1 GET /api/test/all HTTP/1.1 200 15 -
[02/Sep/2020:11:08:17 +0700] XNIO-2 task-1 OPTIONS /api/auth/signin HTTP/1.1 200 - -
[02/Sep/2020:11:08:17 +0700] XNIO-2 task-1 POST /api/auth/signin HTTP/1.1 200 283 -
[02/Sep/2020:11:08:33 +0700] XNIO-2 task-1 GET /api/test/all HTTP/1.1 200 15 -
[02/Sep/2020:11:08:45 +0700] XNIO-2 task-1 GET /api/test/all HTTP/1.1 200 15 -
[02/Sep/2020:11:09:17 +0700] XNIO-2 task-1 GET /api/test/user HTTP/1.1 200 13 -
[02/Sep/2020:11:09:17 +0700] XNIO-2 task-1 GET /api/test/admin HTTP/1.1 200 12 -
[02/Sep/2020:11:09:19 +0700] XNIO-2 task-1 GET /api/test/all HTTP/1.1 200 15 -
[02/Sep/2020:11:16:54 +0700] XNIO-2 task-1 GET /api/test/all HTTP/1.1 200 15 -
[02/Sep/2020:14:00:34 +0700] XNIO-2 task-1 GET /api/test/all HTTP/1.1 200 15 -
[02/Sep/2020:14:00:50 +0700] XNIO-2 task-1 GET /api/test/all HTTP/1.1 200 15 -
[02/Sep/2020:14:00:57 +0700] XNIO-2 task-1 OPTIONS /api/auth/signin HTTP/1.1 200 - -
[02/Sep/2020:14:00:58 +0700] XNIO-2 task-1 POST /api/auth/signin HTTP/1.1 401 1856 -
[02/Sep/2020:14:01:04 +0700] XNIO-2 task-1 POST /api/auth/signin HTTP/1.1 200 283 -
[02/Sep/2020:14:01:09 +0700] XNIO-2 task-1 GET /api/test/all HTTP/1.1 200 15 -
[02/Sep/2020:14:15:11 +0700] XNIO-2 task-1 OPTIONS /api/test/user HTTP/1.1 200 - -
[02/Sep/2020:14:15:11 +0700] XNIO-2 task-1 GET /api/test/user HTTP/1.1 200 13 -
[02/Sep/2020:14:15:12 +0700] XNIO-2 task-1 OPTIONS /api/test/admin HTTP/1.1 200 - -
[02/Sep/2020:14:15:12 +0700] XNIO-2 task-1 GET /api/test/admin HTTP/1.1 200 12 -
[02/Sep/2020:14:15:13 +0700] XNIO-2 task-1 GET /api/test/user HTTP/1.1 200 13 -
[02/Sep/2020:14:15:13 +0700] XNIO-2 task-1 GET /api/test/admin HTTP/1.1 200 12 -
[02/Sep/2020:14:16:40 +0700] XNIO-2 task-1 GET /api/test/all HTTP/1.1 200 15 -
[02/Sep/2020:14:16:42 +0700] XNIO-2 task-1 GET /api/test/all HTTP/1.1 200 15 -
[02/Sep/2020:14:16:46 +0700] XNIO-2 task-1 GET /api/test/all HTTP/1.1 200 15 -
[02/Sep/2020:14:16:53 +0700] XNIO-2 task-1 POST /api/auth/signin HTTP/1.1 200 283 -
[02/Sep/2020:14:16:58 +0700] XNIO-2 task-1 GET /api/test/user HTTP/1.1 200 13 -
[02/Sep/2020:14:16:59 +0700] XNIO-2 task-1 GET /api/test/admin HTTP/1.1 200 12 -
[02/Sep/2020:14:17:05 +0700] XNIO-2 task-1 GET /api/test/admin HTTP/1.1 200 12 -
[02/Sep/2020:14:17:05 +0700] XNIO-2 task-1 GET /api/test/user HTTP/1.1 200 13 -
[02/Sep/2020:14:17:06 +0700] XNIO-2 task-1 GET /api/test/all HTTP/1.1 200 15 -
[02/Sep/2020:14:17:18 +0700] XNIO-2 task-1 GET /api/test/all HTTP/1.1 200 15 -
[02/Sep/2020:14:31:21 +0700] XNIO-2 task-1 OPTIONS /api/auth/signup HTTP/1.1 200 - -
[02/Sep/2020:14:31:22 +0700] XNIO-2 task-1 POST /api/auth/signup HTTP/1.1 200 68 -
[02/Sep/2020:14:37:49 +0700] XNIO-2 task-1 GET /api/test/all HTTP/1.1 200 15 -
[02/Sep/2020:15:09:14 +0700] XNIO-2 task-1 POST /api/auth/signup HTTP/1.1 400 73 -
[02/Sep/2020:15:09:23 +0700] XNIO-2 task-1 POST /api/auth/signup HTTP/1.1 400 71 -
[02/Sep/2020:17:09:13 +0700] XNIO-2 task-1 OPTIONS /api/auth/signin HTTP/1.1 200 - -
[02/Sep/2020:17:09:14 +0700] XNIO-2 task-1 POST /api/auth/signin HTTP/1.1 401 1856 -
[02/Sep/2020:17:09:21 +0700] XNIO-2 task-1 POST /api/auth/signin HTTP/1.1 200 283 -
[02/Sep/2020:17:11:23 +0700] XNIO-2 task-1 GET /api/test/all HTTP/1.1 200 15 -
[02/Sep/2020:17:29:07 +0700] XNIO-2 task-1 POST /api/auth/signin HTTP/1.1 200 283 -
[02/Sep/2020:17:29:10 +0700] XNIO-2 task-1 OPTIONS /api/test/user HTTP/1.1 200 - -
[02/Sep/2020:17:29:11 +0700] XNIO-2 task-1 GET /api/test/user HTTP/1.1 500 1750 -
[02/Sep/2020:17:29:13 +0700] XNIO-2 task-1 OPTIONS /api/test/admin HTTP/1.1 200 - -
[02/Sep/2020:17:29:13 +0700] XNIO-2 task-1 GET /api/test/admin HTTP/1.1 200 12 -
[02/Sep/2020:17:29:14 +0700] XNIO-2 task-1 GET /api/test/user HTTP/1.1 500 1750 -
[02/Sep/2020:17:29:15 +0700] XNIO-2 task-1 GET /api/test/admin HTTP/1.1 200 12 -
[02/Sep/2020:17:29:16 +0700] XNIO-2 task-1 GET /api/test/user HTTP/1.1 500 1750 -
[02/Sep/2020:17:29:43 +0700] XNIO-2 task-2 GET /api/test/user HTTP/1.1 500 3035 -
[02/Sep/2020:17:29:43 +0700] XNIO-2 task-1 GET /error HTTP/1.1 500 3035 -
[02/Sep/2020:17:29:44 +0700] XNIO-2 task-1 GET /api/test/user HTTP/1.1 500 3036 -
[02/Sep/2020:17:29:44 +0700] XNIO-2 task-1 GET /api/test/user HTTP/1.1 500 3036 -
[02/Sep/2020:17:29:45 +0700] XNIO-2 task-1 GET /api/test/user HTTP/1.1 500 3036 -
[02/Sep/2020:17:29:45 +0700] XNIO-2 task-1 GET /api/test/user HTTP/1.1 500 3036 -
[02/Sep/2020:17:46:54 +0700] XNIO-2 task-1 GET /api/test/user HTTP/1.1 500 3036 -
[02/Sep/2020:17:47:02 +0700] XNIO-2 task-1 GET /api/test/user HTTP/1.1 500 3036 -
[02/Sep/2020:17:47:05 +0700] XNIO-2 task-1 GET /api/test/admin HTTP/1.1 200 12 -
[02/Sep/2020:17:47:06 +0700] XNIO-2 task-1 GET /api/test/user HTTP/1.1 500 3036 -
[02/Sep/2020:17:47:09 +0700] XNIO-2 task-1 GET /api/test/all HTTP/1.1 200 15 -
[02/Sep/2020:17:47:10 +0700] XNIO-2 task-1 GET /api/test/user HTTP/1.1 500 3036 -
[02/Sep/2020:17:47:11 +0700] XNIO-2 task-1 GET /api/test/all HTTP/1.1 200 15 -
[02/Sep/2020:17:47:13 +0700] XNIO-2 task-1 GET /api/test/user HTTP/1.1 500 3036 -
[02/Sep/2020:18:01:38 +0700] XNIO-2 task-1 GET /api/test/user HTTP/1.1 200 - -
[02/Sep/2020:18:01:38 +0700] XNIO-2 task-2 GET /api/test/user HTTP/1.1 200 - -
[03/Sep/2020:10:37:24 +0700] XNIO-2 task-1 POST /api/tutorials HTTP/1.1 401 136 -
[03/Sep/2020:10:55:07 +0700] XNIO-2 task-1 GET /api/test/all HTTP/1.1 200 15 -
[03/Sep/2020:10:55:10 +0700] XNIO-2 task-1 GET /api/test/all HTTP/1.1 200 15 -
[03/Sep/2020:10:55:21 +0700] XNIO-2 task-1 GET /api/tutorials HTTP/1.1 401 135 -
[03/Sep/2020:10:55:51 +0700] XNIO-2 task-1 OPTIONS /api/tutorials HTTP/1.1 200 - -
[03/Sep/2020:10:55:51 +0700] XNIO-2 task-1 POST /api/tutorials HTTP/1.1 401 136 -
[03/Sep/2020:10:56:05 +0700] XNIO-2 task-1 POST /api/tutorials HTTP/1.1 401 135 -
[03/Sep/2020:10:56:25 +0700] XNIO-2 task-1 OPTIONS /api/auth/signin HTTP/1.1 200 - -
[03/Sep/2020:10:56:28 +0700] XNIO-2 task-1 POST /api/auth/signin HTTP/1.1 200 282 -
[03/Sep/2020:10:56:37 +0700] XNIO-2 task-1 POST /api/tutorials HTTP/1.1 401 136 -
[03/Sep/2020:10:56:52 +0700] XNIO-2 task-1 GET /api/tutorials HTTP/1.1 401 136 -
[03/Sep/2020:10:57:00 +0700] XNIO-2 task-1 GET /api/tutorials HTTP/1.1 401 136 -
[03/Sep/2020:10:59:35 +0700] XNIO-2 task-1 GET /api/tutorials HTTP/1.1 401 136 -
[03/Sep/2020:10:59:43 +0700] XNIO-2 task-1 OPTIONS /api/test/user HTTP/1.1 200 - -
[03/Sep/2020:10:59:43 +0700] XNIO-2 task-1 GET /api/test/user HTTP/1.1 200 - -
[03/Sep/2020:10:59:46 +0700] XNIO-2 task-1 POST /api/tutorials HTTP/1.1 401 136 -
[03/Sep/2020:11:00:18 +0700] XNIO-2 task-1 OPTIONS /api/test/tutorials HTTP/1.1 200 - -
[03/Sep/2020:11:00:18 +0700] XNIO-2 task-1 POST /api/test/tutorials HTTP/1.1 401 1920 -
[03/Sep/2020:11:00:38 +0700] XNIO-2 task-1 POST /api/auth/signin HTTP/1.1 200 281 -
[03/Sep/2020:11:00:46 +0700] XNIO-2 task-1 POST /api/test/tutorials HTTP/1.1 401 1920 -
[03/Sep/2020:11:01:11 +0700] XNIO-2 task-1 GET /api/test/tutorials HTTP/1.1 401 1917 -
[03/Sep/2020:11:03:52 +0700] XNIO-2 task-1 GET /api/test/tutorials HTTP/1.1 401 1916 -
[03/Sep/2020:11:04:48 +0700] XNIO-2 task-1 GET /api/test/tutorials HTTP/1.1 401 1917 -
[03/Sep/2020:11:09:44 +0700] XNIO-2 task-1 GET /api/test/user HTTP/1.1 401 1910 -
[03/Sep/2020:11:09:45 +0700] XNIO-2 task-1 GET /api/test/user HTTP/1.1 401 1910 -
[03/Sep/2020:11:11:04 +0700] XNIO-2 task-1 GET /error HTTP/1.1 401 - -
[03/Sep/2020:11:11:11 +0700] XNIO-2 task-1 GET /api/test/user HTTP/1.1 200 - -
[03/Sep/2020:11:11:13 +0700] XNIO-2 task-1 GET /error HTTP/1.1 401 - -
[03/Sep/2020:11:11:21 +0700] XNIO-2 task-1 OPTIONS /error HTTP/1.1 401 - -
[03/Sep/2020:11:11:33 +0700] XNIO-2 task-1 OPTIONS /api/test/admin HTTP/1.1 200 - -
[03/Sep/2020:11:11:34 +0700] XNIO-2 task-1 GET /api/test/admin HTTP/1.1 200 12 -
[03/Sep/2020:11:11:36 +0700] XNIO-2 task-1 GET /api/test/all HTTP/1.1 200 15 -
[03/Sep/2020:11:11:36 +0700] XNIO-2 task-1 GET /api/test/admin HTTP/1.1 200 12 -
[03/Sep/2020:11:11:38 +0700] XNIO-2 task-1 GET /error HTTP/1.1 401 - -
[03/Sep/2020:11:11:40 +0700] XNIO-2 task-1 GET /api/test/user HTTP/1.1 200 - -
[03/Sep/2020:11:11:43 +0700] XNIO-2 task-1 GET /api/test/user HTTP/1.1 200 - -
[03/Sep/2020:11:11:48 +0700] XNIO-2 task-1 GET /error HTTP/1.1 401 - -
[03/Sep/2020:11:11:49 +0700] XNIO-2 task-1 GET /api/test/user HTTP/1.1 200 - -
[03/Sep/2020:11:12:23 +0700] XNIO-2 task-1 OPTIONS /error HTTP/1.1 401 - -
[03/Sep/2020:11:12:40 +0700] XNIO-2 task-1 POST /api/auth/signin HTTP/1.1 200 282 -
[03/Sep/2020:11:12:47 +0700] XNIO-2 task-1 OPTIONS /error HTTP/1.1 401 - -
[03/Sep/2020:11:14:14 +0700] XNIO-2 task-1 GET /api/test/admin HTTP/1.1 200 12 -
[03/Sep/2020:11:14:15 +0700] XNIO-2 task-1 GET /error HTTP/1.1 401 - -
[03/Sep/2020:11:14:21 +0700] XNIO-2 task-1 GET /error HTTP/1.1 401 - -
[03/Sep/2020:11:15:19 +0700] XNIO-2 task-1 GET /api/test/user HTTP/1.1 401 1910 -
[03/Sep/2020:11:15:22 +0700] XNIO-2 task-1 GET /api/test/user HTTP/1.1 401 1910 -
[03/Sep/2020:11:15:25 +0700] XNIO-2 task-1 GET /api/test/user HTTP/1.1 401 1910 -
[03/Sep/2020:11:15:25 +0700] XNIO-2 task-1 GET /api/test/user HTTP/1.1 401 1910 -
[03/Sep/2020:11:15:38 +0700] XNIO-2 task-1 POST /api/auth/signin HTTP/1.1 200 282 -
[03/Sep/2020:11:15:43 +0700] XNIO-2 task-1 OPTIONS /api/test/user HTTP/1.1 403 20 -
[03/Sep/2020:11:15:54 +0700] XNIO-2 task-1 GET /api/test/user HTTP/1.1 401 1910 -
[03/Sep/2020:11:16:09 +0700] XNIO-2 task-1 OPTIONS /api/test/user HTTP/1.1 200 - -
[03/Sep/2020:11:16:09 +0700] XNIO-2 task-1 GET /api/test/user HTTP/1.1 200 - -
[03/Sep/2020:11:16:10 +0700] XNIO-2 task-1 GET /api/test/admin HTTP/1.1 200 12 -
[03/Sep/2020:11:16:12 +0700] XNIO-2 task-1 GET /api/test/user HTTP/1.1 200 - -
[03/Sep/2020:11:21:47 +0700] XNIO-2 task-1 GET /api/test/user HTTP/1.1 200 - -
[03/Sep/2020:11:21:50 +0700] XNIO-2 task-1 GET /api/test/user HTTP/1.1 200 - -
[03/Sep/2020:11:21:52 +0700] XNIO-2 task-1 GET /api/test/user HTTP/1.1 200 - -
[03/Sep/2020:11:21:53 +0700] XNIO-2 task-1 GET /api/test/user HTTP/1.1 200 - -
[03/Sep/2020:11:21:57 +0700] XNIO-2 task-1 GET /api/test/user HTTP/1.1 200 - -
[03/Sep/2020:11:22:31 +0700] XNIO-2 task-1 GET /api/test/user HTTP/1.1 200 - -
[03/Sep/2020:11:22:39 +0700] XNIO-2 task-1 POST /api/auth/signin HTTP/1.1 200 283 -
[03/Sep/2020:11:22:44 +0700] XNIO-2 task-1 POST /api/test/tutorials HTTP/1.1 401 1920 -
[03/Sep/2020:11:25:38 +0700] XNIO-2 task-1 POST /api/test/tutorials HTTP/1.1 201 85 -
[03/Sep/2020:11:25:53 +0700] XNIO-2 task-1 GET /api/test/tutorials HTTP/1.1 200 87 -
[03/Sep/2020:11:26:18 +0700] XNIO-2 task-1 GET /api/test/tutorials?title=sasw HTTP/1.1 200 87 -
[03/Sep/2020:11:26:29 +0700] XNIO-2 task-1 POST /api/test/tutorials HTTP/1.1 201 84 -
[03/Sep/2020:11:26:37 +0700] XNIO-2 task-1 POST /api/test/tutorials HTTP/1.1 201 84 -
[03/Sep/2020:11:26:38 +0700] XNIO-2 task-1 GET /api/test/tutorials HTTP/1.1 200 115 -
[03/Sep/2020:11:26:49 +0700] XNIO-2 task-1 GET /api/test/tutorials?title=chin HTTP/1.1 200 86 -
[03/Sep/2020:11:26:53 +0700] XNIO-2 task-1 GET /api/test/tutorials/3 HTTP/1.1 200 84 -
[03/Sep/2020:11:27:04 +0700] XNIO-2 task-1 OPTIONS /api/test/tutorials/3 HTTP/1.1 200 - -
[03/Sep/2020:11:27:04 +0700] XNIO-2 task-1 PUT /api/test/tutorials/3 HTTP/1.1 200 83 -
[03/Sep/2020:11:27:11 +0700] XNIO-2 task-1 PUT /api/test/tutorials/3 HTTP/1.1 200 84 -
[03/Sep/2020:11:27:12 +0700] XNIO-2 task-1 PUT /api/test/tutorials/3 HTTP/1.1 200 83 -
[03/Sep/2020:11:27:15 +0700] XNIO-2 task-1 PUT /api/test/tutorials/3 HTTP/1.1 200 83 -
[03/Sep/2020:11:27:20 +0700] XNIO-2 task-1 GET /api/test/tutorials HTTP/1.1 200 118 -
[03/Sep/2020:11:28:10 +0700] XNIO-2 task-1 POST /api/test/tutorials HTTP/1.1 201 85 -
[03/Sep/2020:11:29:27 +0700] XNIO-2 task-1 POST /api/test/tutorials HTTP/1.1 401 1917 -
[03/Sep/2020:11:29:35 +0700] XNIO-2 task-1 GET /api/test/tutorials HTTP/1.1 401 1916 -
[03/Sep/2020:11:29:45 +0700] XNIO-2 task-1 POST /api/auth/signin HTTP/1.1 200 283 -
[03/Sep/2020:11:29:48 +0700] XNIO-2 task-1 GET /api/test/all HTTP/1.1 200 15 -
[03/Sep/2020:11:29:49 +0700] XNIO-2 task-1 GET /api/test/admin HTTP/1.1 200 12 -
[03/Sep/2020:11:29:50 +0700] XNIO-2 task-1 GET /api/test/tutorials HTTP/1.1 401 1916 -
[03/Sep/2020:11:29:59 +0700] XNIO-2 task-1 GET /api/test/tutorials HTTP/1.1 401 1917 -
[03/Sep/2020:11:30:09 +0700] XNIO-2 task-1 POST /api/test/tutorials HTTP/1.1 401 1918 -
[03/Sep/2020:11:32:41 +0700] XNIO-2 task-1 OPTIONS /api/test/user HTTP/1.1 500 - -
[03/Sep/2020:11:33:17 +0700] XNIO-2 task-1 GET /api/test/user HTTP/1.1 500 - -
[03/Sep/2020:11:33:20 +0700] XNIO-2 task-1 GET /api/test/user HTTP/1.1 500 - -
[03/Sep/2020:11:33:25 +0700] XNIO-2 task-1 GET /api/test/all HTTP/1.1 500 - -
[03/Sep/2020:11:33:29 +0700] XNIO-2 task-1 GET /api/test/admin HTTP/1.1 500 - -
[03/Sep/2020:11:35:11 +0700] XNIO-2 task-1 GET /api/test/admin HTTP/1.1 200 12 -
[03/Sep/2020:11:36:18 +0700] XNIO-2 task-1 GET /api/test/admin HTTP/1.1 200 12 -
[03/Sep/2020:11:36:21 +0700] XNIO-2 task-1 GET /api/test/tutorials HTTP/1.1 401 1916 -
[03/Sep/2020:11:36:29 +0700] XNIO-2 task-1 POST /api/test/tutorials HTTP/1.1 401 1921 -
[03/Sep/2020:11:37:13 +0700] XNIO-2 task-1 GET /api/test/user/tutorials HTTP/1.1 404 135 -
[03/Sep/2020:11:37:25 +0700] XNIO-2 task-1 GET /api/test/tutorials HTTP/1.1 401 1917 -
[03/Sep/2020:11:38:14 +0700] XNIO-2 task-1 GET /api/test/tutorials HTTP/1.1 401 1916 -
[03/Sep/2020:11:38:40 +0700] XNIO-2 task-1 GET /api/test/tutorials HTTP/1.1 401 1913 -
[03/Sep/2020:11:43:15 +0700] XNIO-2 task-1 GET /api/test/tutorials HTTP/1.1 401 1916 -
[03/Sep/2020:11:43:19 +0700] XNIO-2 task-1 GET /api/test/tutorials HTTP/1.1 401 1916 -
[03/Sep/2020:11:47:30 +0700] XNIO-2 task-1 GET /api/test/tutorials HTTP/1.1 401 1916 -
[03/Sep/2020:11:50:10 +0700] XNIO-2 task-1 GET /api/test/tutorials HTTP/1.1 401 1916 -
[03/Sep/2020:11:50:54 +0700] XNIO-2 task-1 GET /api/test/tutorials/undefined HTTP/1.1 400 2011 -
[03/Sep/2020:11:50:58 +0700] XNIO-2 task-1 GET /api/test/tutorials HTTP/1.1 401 1916 -
[03/Sep/2020:11:52:23 +0700] XNIO-2 task-1 GET /api/test/tutorials HTTP/1.1 401 1916 -
[03/Sep/2020:11:52:35 +0700] XNIO-2 task-1 GET /api/test/tutorials HTTP/1.1 401 1916 -
[03/Sep/2020:11:52:47 +0700] XNIO-2 task-1 GET /api/test/tutorials HTTP/1.1 401 1916 -
[03/Sep/2020:11:52:53 +0700] XNIO-2 task-1 GET /api/test/tutorials HTTP/1.1 401 1917 -
[03/Sep/2020:11:52:58 +0700] XNIO-2 task-1 GET /api/test/tutorials HTTP/1.1 401 1916 -
[03/Sep/2020:11:53:11 +0700] XNIO-2 task-1 POST /api/auth/signin HTTP/1.1 200 282 -
[03/Sep/2020:11:53:14 +0700] XNIO-2 task-1 GET /api/test/tutorials HTTP/1.1 401 1916 -
[03/Sep/2020:11:53:19 +0700] XNIO-2 task-1 GET /api/test/tutorials HTTP/1.1 401 1916 -
[03/Sep/2020:11:53:42 +0700] XNIO-2 task-1 GET /api/test/tutorials HTTP/1.1 401 1916 -
[03/Sep/2020:11:53:43 +0700] XNIO-2 task-1 GET /api/test/tutorials HTTP/1.1 401 1917 -
[03/Sep/2020:11:53:52 +0700] XNIO-2 task-1 GET /api/test/tutorials HTTP/1.1 401 1916 -
[03/Sep/2020:12:48:04 +0700] XNIO-2 task-1 GET /api/test/tutorials HTTP/1.1 200 125 -
[03/Sep/2020:12:48:15 +0700] XNIO-2 task-1 OPTIONS /api/test/tutorials HTTP/1.1 200 - -
[03/Sep/2020:12:48:16 +0700] XNIO-2 task-1 DELETE /api/test/tutorials HTTP/1.1 204 - -
[03/Sep/2020:12:48:16 +0700] XNIO-2 task-1 GET /api/test/tutorials HTTP/1.1 204 - -
[03/Sep/2020:12:48:44 +0700] XNIO-2 task-1 OPTIONS /api/test/tutorials HTTP/1.1 200 - -
[03/Sep/2020:12:48:44 +0700] XNIO-2 task-1 POST /api/test/tutorials HTTP/1.1 201 84 -
[03/Sep/2020:12:48:47 +0700] XNIO-2 task-1 GET /api/test/tutorials HTTP/1.1 200 86 -
[03/Sep/2020:12:48:53 +0700] XNIO-2 task-1 GET /api/test/tutorials/5 HTTP/1.1 200 84 -
[03/Sep/2020:12:48:56 +0700] XNIO-2 task-1 GET /api/test/all HTTP/1.1 200 15 -
[03/Sep/2020:12:49:14 +0700] XNIO-2 task-1 GET /api/test/tutorials HTTP/1.1 200 86 -
[03/Sep/2020:12:49:16 +0700] XNIO-2 task-1 GET /api/test/tutorials HTTP/1.1 200 86 -
[03/Sep/2020:12:49:36 +0700] XNIO-2 task-1 GET /api/test/tutorials HTTP/1.1 200 86 -
[03/Sep/2020:12:49:38 +0700] XNIO-2 task-1 GET /api/test/tutorials HTTP/1.1 200 86 -
[03/Sep/2020:12:51:31 +0700] XNIO-2 task-1 GET /api/test/all HTTP/1.1 200 15 -
[03/Sep/2020:12:51:40 +0700] XNIO-2 task-1 OPTIONS /api/auth/signin HTTP/1.1 200 - -
[03/Sep/2020:12:51:41 +0700] XNIO-2 task-1 POST /api/auth/signin HTTP/1.1 200 284 -
[03/Sep/2020:12:59:12 +0700] XNIO-2 task-1 GET /api/test/all HTTP/1.1 200 15 -
[03/Sep/2020:12:59:29 +0700] XNIO-2 task-1 POST /api/auth/signin HTTP/1.1 200 280 -
[03/Sep/2020:12:59:44 +0700] XNIO-2 task-1 POST /api/test/tutorials HTTP/1.1 201 85 -
[03/Sep/2020:12:59:46 +0700] XNIO-2 task-1 GET /api/test/tutorials HTTP/1.1 200 95 -
[03/Sep/2020:12:59:48 +0700] XNIO-2 task-1 GET /api/test/tutorials/5 HTTP/1.1 200 84 -
[03/Sep/2020:12:59:51 +0700] XNIO-2 task-1 OPTIONS /api/test/tutorials/5 HTTP/1.1 200 - -
[03/Sep/2020:12:59:51 +0700] XNIO-2 task-1 PUT /api/test/tutorials/5 HTTP/1.1 200 83 -
[03/Sep/2020:12:59:54 +0700] XNIO-2 task-1 PUT /api/test/tutorials/5 HTTP/1.1 200 83 -
[03/Sep/2020:12:59:56 +0700] XNIO-2 task-1 GET /api/test/tutorials HTTP/1.1 200 100 -
[03/Sep/2020:13:11:53 +0700] XNIO-2 task-1 GET /error HTTP/1.1 401 - -
[03/Sep/2020:13:12:18 +0700] XNIO-2 task-1 POST /api/auth/signin HTTP/1.1 200 282 -
[03/Sep/2020:13:12:20 +0700] XNIO-2 task-1 GET /api/test/tutorials HTTP/1.1 200 100 -
[03/Sep/2020:13:12:26 +0700] XNIO-2 task-1 GET /api/test/tutorials HTTP/1.1 200 100 -
[03/Sep/2020:13:12:53 +0700] XNIO-2 task-1 GET /api/test/user HTTP/1.1 401 1910 -
[03/Sep/2020:13:19:26 +0700] XNIO-2 task-1 GET /api/test/user HTTP/1.1 401 1910 -
[03/Sep/2020:13:19:43 +0700] XNIO-2 task-1 POST /api/auth/signin HTTP/1.1 200 281 -
[03/Sep/2020:13:19:46 +0700] XNIO-2 task-1 OPTIONS /api/test/tutorials HTTP/1.1 200 - -
[03/Sep/2020:13:19:46 +0700] XNIO-2 task-1 GET /api/test/tutorials HTTP/1.1 200 100 -
[03/Sep/2020:13:19:52 +0700] XNIO-2 task-1 GET /api/test/tutorials HTTP/1.1 200 100 -
[03/Sep/2020:13:20:02 +0700] XNIO-2 task-1 GET /api/test/tutorials HTTP/1.1 200 100 -
[03/Sep/2020:13:20:24 +0700] XNIO-2 task-1 POST /api/auth/signin HTTP/1.1 200 282 -
[03/Sep/2020:13:26:32 +0700] XNIO-2 task-1 GET /api/test/tutorials HTTP/1.1 200 100 -
[03/Sep/2020:13:26:38 +0700] XNIO-2 task-1 GET /api/test/tutorials HTTP/1.1 200 100 -
[03/Sep/2020:13:26:45 +0700] XNIO-2 task-1 GET /api/test/tutorials HTTP/1.1 200 100 -
[03/Sep/2020:13:28:32 +0700] XNIO-2 task-1 GET /api/test/tutorials HTTP/1.1 200 100 -
[03/Sep/2020:13:29:29 +0700] XNIO-2 task-1 GET /api/test/tutorials HTTP/1.1 200 100 -
[03/Sep/2020:13:29:36 +0700] XNIO-2 task-1 GET /api/test/tutorials HTTP/1.1 200 100 -
[03/Sep/2020:13:29:45 +0700] XNIO-2 task-1 GET /api/test/tutorials HTTP/1.1 200 100 -
[03/Sep/2020:13:47:37 +0700] XNIO-2 task-1 GET /api/test/tutorials HTTP/1.1 200 100 -
[03/Sep/2020:13:47:39 +0700] XNIO-2 task-1 GET /api/test/tutorials HTTP/1.1 200 100 -
[03/Sep/2020:13:47:46 +0700] XNIO-2 task-1 GET /api/test/tutorials HTTP/1.1 200 100 -
[03/Sep/2020:13:47:49 +0700] XNIO-2 task-1 GET /api/test/user HTTP/1.1 401 1909 -
[03/Sep/2020:13:49:22 +0700] XNIO-2 task-1 POST /api/auth/signin HTTP/1.1 200 280 -
[03/Sep/2020:13:49:24 +0700] XNIO-2 task-1 OPTIONS /api/test/admin HTTP/1.1 200 - -
[03/Sep/2020:13:49:24 +0700] XNIO-2 task-1 GET /api/test/admin HTTP/1.1 200 12 -
[03/Sep/2020:13:49:28 +0700] XNIO-2 task-1 OPTIONS /api/test/user HTTP/1.1 200 - -
[03/Sep/2020:13:49:28 +0700] XNIO-2 task-1 GET /api/test/user HTTP/1.1 200 - -
[03/Sep/2020:13:53:04 +0700] XNIO-2 task-1 GET /api/test/user HTTP/1.1 200 5 -
[03/Sep/2020:13:53:09 +0700] XNIO-2 task-1 GET /api/test/tutorials HTTP/1.1 401 1917 -
[03/Sep/2020:14:47:14 +0700] XNIO-2 task-1 GET /api/test/tutorials HTTP/1.1 401 1916 -
[03/Sep/2020:14:47:24 +0700] XNIO-2 task-1 GET /api/test/user HTTP/1.1 401 1910 -
[03/Sep/2020:15:06:00 +0700] XNIO-2 task-1 OPTIONS /api/auth/signin HTTP/1.1 200 - -
[03/Sep/2020:15:06:01 +0700] XNIO-2 task-2 POST /api/auth/signin HTTP/1.1 200 282 -
[03/Sep/2020:15:06:16 +0700] XNIO-2 task-2 GET /api/test/tutorials HTTP/1.1 200 100 -
[03/Sep/2020:15:06:24 +0700] XNIO-2 task-2 GET /api/test/tutorials HTTP/1.1 200 100 -
[03/Sep/2020:15:07:04 +0700] XNIO-2 task-2 GET /api/test/tutorials HTTP/1.1 200 100 -
[03/Sep/2020:15:07:07 +0700] XNIO-2 task-2 GET /api/test/tutorials HTTP/1.1 200 100 -
[03/Sep/2020:15:07:14 +0700] XNIO-2 task-2 GET /api/test/user HTTP/1.1 401 1909 -
[03/Sep/2020:15:07:19 +0700] XNIO-2 task-2 GET /api/test/tutorials HTTP/1.1 200 100 -
[03/Sep/2020:15:28:20 +0700] XNIO-2 task-2 GET /api/test/user HTTP/1.1 401 1909 -
[03/Sep/2020:15:30:19 +0700] XNIO-2 task-2 GET /api/test/user HTTP/1.1 401 1909 -
[03/Sep/2020:15:30:23 +0700] XNIO-2 task-2 GET /api/test/user HTTP/1.1 401 1909 -
[03/Sep/2020:15:30:53 +0700] XNIO-2 task-2 GET /api/test/user HTTP/1.1 401 1910 -
[03/Sep/2020:15:30:55 +0700] XNIO-2 task-2 GET /api/test/user HTTP/1.1 401 1910 -
[03/Sep/2020:15:34:50 +0700] XNIO-2 task-2 GET /api/test/user HTTP/1.1 401 1909 -
[03/Sep/2020:15:35:00 +0700] XNIO-2 task-2 POST /api/auth/signin HTTP/1.1 200 282 -
[03/Sep/2020:15:36:14 +0700] XNIO-2 task-2 POST /api/auth/signin HTTP/1.1 200 285 -
[03/Sep/2020:15:36:40 +0700] XNIO-2 task-2 POST /api/auth/signin HTTP/1.1 200 282 -
[03/Sep/2020:15:36:44 +0700] XNIO-2 task-2 OPTIONS /api/test/tutorials HTTP/1.1 200 - -
[03/Sep/2020:15:36:44 +0700] XNIO-2 task-2 GET /api/test/tutorials HTTP/1.1 200 100 -
[03/Sep/2020:15:37:08 +0700] XNIO-2 task-2 OPTIONS /api/test/tutorials HTTP/1.1 200 - -
[03/Sep/2020:15:37:09 +0700] XNIO-2 task-2 POST /api/test/tutorials HTTP/1.1 201 83 -
[03/Sep/2020:15:37:13 +0700] XNIO-2 task-2 OPTIONS /api/test/tutorials HTTP/1.1 200 - -
[03/Sep/2020:15:37:13 +0700] XNIO-2 task-2 GET /api/test/tutorials HTTP/1.1 200 109 -
[03/Sep/2020:15:38:09 +0700] XNIO-2 task-2 GET /api/test/tutorials HTTP/1.1 200 109 -
[03/Sep/2020:15:38:31 +0700] XNIO-2 task-2 GET /api/test/tutorials HTTP/1.1 200 109 -
[03/Sep/2020:15:38:50 +0700] XNIO-2 task-2 GET /api/test/user?title=sasw HTTP/1.1 401 1910 -
[03/Sep/2020:15:39:19 +0700] XNIO-2 task-2 GET /api/test/tutorials HTTP/1.1 200 109 -
[03/Sep/2020:15:39:35 +0700] XNIO-2 task-2 GET /api/test/user?title=sasw HTTP/1.1 401 1909 -
[03/Sep/2020:15:49:03 +0700] XNIO-2 task-2 GET /api/test/tutorials HTTP/1.1 200 109 -
[03/Sep/2020:15:49:07 +0700] XNIO-2 task-2 GET /api/test/tutorials HTTP/1.1 200 109 -
[03/Sep/2020:15:49:48 +0700] XNIO-2 task-2 GET /api/test/tutorials HTTP/1.1 200 109 -
[03/Sep/2020:15:49:51 +0700] XNIO-2 task-2 GET /api/test/tutorials HTTP/1.1 200 109 -
[03/Sep/2020:15:50:00 +0700] XNIO-2 task-2 POST /api/auth/signin HTTP/1.1 200 282 -
[03/Sep/2020:15:50:03 +0700] XNIO-2 task-2 GET /api/test/tutorials HTTP/1.1 200 109 -
[03/Sep/2020:15:50:06 +0700] XNIO-2 task-2 OPTIONS /api/test/tutorials HTTP/1.1 200 - -
[03/Sep/2020:15:50:06 +0700] XNIO-2 task-2 DELETE /api/test/tutorials HTTP/1.1 204 - -
[03/Sep/2020:15:50:06 +0700] XNIO-2 task-2 OPTIONS /api/test/tutorials HTTP/1.1 200 - -
[03/Sep/2020:15:50:06 +0700] XNIO-2 task-2 GET /api/test/tutorials HTTP/1.1 204 - -
[03/Sep/2020:15:50:26 +0700] XNIO-2 task-2 GET /api/test/tutorials HTTP/1.1 204 - -
[03/Sep/2020:15:50:28 +0700] XNIO-2 task-2 GET /api/test/tutorials HTTP/1.1 204 - -
[03/Sep/2020:15:50:29 +0700] XNIO-2 task-2 GET /api/test/tutorials HTTP/1.1 204 - -
[03/Sep/2020:15:50:31 +0700] XNIO-2 task-2 GET /api/test/tutorials HTTP/1.1 204 - -
[03/Sep/2020:15:50:35 +0700] XNIO-2 task-2 GET /api/test/tutorials HTTP/1.1 204 - -
[03/Sep/2020:15:50:44 +0700] XNIO-2 task-2 OPTIONS /api/test/tutorials HTTP/1.1 200 - -
[03/Sep/2020:15:50:44 +0700] XNIO-2 task-2 POST /api/test/tutorials HTTP/1.1 201 85 -
[03/Sep/2020:15:50:45 +0700] XNIO-2 task-2 OPTIONS /api/test/tutorials HTTP/1.1 200 - -
[03/Sep/2020:15:50:45 +0700] XNIO-2 task-2 GET /api/test/tutorials HTTP/1.1 200 87 -
[03/Sep/2020:17:02:41 +0700] XNIO-2 task-2 GET /api/test/all HTTP/1.1 200 15 -
[03/Sep/2020:17:24:22 +0700] XNIO-2 task-2 GET /api/tutorials HTTP/1.1 401 134 -
[03/Sep/2020:17:24:52 +0700] XNIO-2 task-2 GET /api/test/tutorials HTTP/1.1 200 87 -
[03/Sep/2020:17:25:19 +0700] XNIO-2 task-2 OPTIONS /api/auth/signin HTTP/1.1 200 - -
[03/Sep/2020:17:25:21 +0700] XNIO-2 task-2 POST /api/auth/signin HTTP/1.1 200 283 -
[03/Sep/2020:17:26:06 +0700] XNIO-2 task-2 OPTIONS /api/test/user HTTP/1.1 200 - -
[03/Sep/2020:17:26:07 +0700] XNIO-2 task-2 GET /api/test/user HTTP/1.1 200 5 -
[03/Sep/2020:17:26:08 +0700] XNIO-2 task-2 GET /api/test/user HTTP/1.1 200 5 -
[03/Sep/2020:17:26:11 +0700] XNIO-2 task-2 OPTIONS /api/test/tutorials HTTP/1.1 200 - -
[03/Sep/2020:17:26:11 +0700] XNIO-2 task-2 GET /api/test/tutorials HTTP/1.1 200 87 -
[03/Sep/2020:17:26:12 +0700] XNIO-2 task-2 GET /api/test/user HTTP/1.1 200 5 -
[03/Sep/2020:17:26:16 +0700] XNIO-2 task-2 GET /api/test/tutorials HTTP/1.1 200 87 -
[03/Sep/2020:17:26:20 +0700] XNIO-2 task-2 GET /api/test/user HTTP/1.1 200 5 -
[03/Sep/2020:17:26:21 +0700] XNIO-2 task-2 GET /api/test/tutorials HTTP/1.1 200 87 -
[03/Sep/2020:17:26:23 +0700] XNIO-2 task-2 GET /api/test/user HTTP/1.1 200 5 -
[03/Sep/2020:17:33:06 +0700] XNIO-2 task-2 GET /api/test/user HTTP/1.1 200 5 -
[03/Sep/2020:17:34:27 +0700] XNIO-2 task-2 GET /api/test/user HTTP/1.1 200 5 -
[03/Sep/2020:17:35:16 +0700] XNIO-2 task-2 GET /api/test/user HTTP/1.1 200 5 -
[03/Sep/2020:17:36:02 +0700] XNIO-2 task-2 GET /api/test/user HTTP/1.1 200 5 -
[03/Sep/2020:17:36:35 +0700] XNIO-2 task-2 GET /api/test/user HTTP/1.1 200 5 -
[03/Sep/2020:17:36:43 +0700] XNIO-2 task-2 GET /api/test/user HTTP/1.1 200 5 -
[03/Sep/2020:17:36:46 +0700] XNIO-2 task-2 GET /api/test/user HTTP/1.1 200 5 -
[03/Sep/2020:17:36:48 +0700] XNIO-2 task-2 GET /api/test/user HTTP/1.1 200 5 -
[03/Sep/2020:17:39:04 +0700] XNIO-2 task-2 GET /api/test/tutorials HTTP/1.1 200 87 -
[03/Sep/2020:17:41:39 +0700] XNIO-2 task-2 GET /api/test/tutorials HTTP/1.1 200 87 -
[03/Sep/2020:17:51:06 +0700] XNIO-2 task-2 GET /api/test/tutorials HTTP/1.1 200 87 -
[03/Sep/2020:17:51:10 +0700] XNIO-2 task-2 GET /api/test/tutorials HTTP/1.1 200 87 -
[03/Sep/2020:17:51:14 +0700] XNIO-2 task-2 GET /api/test/tutorials/8 HTTP/1.1 200 85 -
[03/Sep/2020:17:51:15 +0700] XNIO-2 task-2 OPTIONS /api/test/tutorials/8 HTTP/1.1 200 - -
[03/Sep/2020:17:51:17 +0700] XNIO-2 task-2 PUT /api/test/tutorials/8 HTTP/1.1 200 84 -
[03/Sep/2020:17:51:18 +0700] XNIO-2 task-1 PUT /api/test/tutorials/8 HTTP/1.1 200 84 -
[03/Sep/2020:17:51:18 +0700] XNIO-2 task-3 PUT /api/test/tutorials/8 HTTP/1.1 200 84 -
[03/Sep/2020:17:51:19 +0700] XNIO-2 task-3 PUT /api/test/tutorials/8 HTTP/1.1 200 85 -
[03/Sep/2020:17:51:20 +0700] XNIO-2 task-3 PUT /api/test/tutorials/8 HTTP/1.1 200 84 -
[03/Sep/2020:17:51:21 +0700] XNIO-2 task-3 PUT /api/test/tutorials/8 HTTP/1.1 200 85 -
[03/Sep/2020:17:51:24 +0700] XNIO-2 task-3 PUT /api/test/tutorials/8 HTTP/1.1 200 84 -
[03/Sep/2020:17:51:26 +0700] XNIO-2 task-3 PUT /api/test/tutorials/8 HTTP/1.1 200 85 -
[03/Sep/2020:17:51:28 +0700] XNIO-2 task-3 GET /api/test/user HTTP/1.1 200 5 -
[03/Sep/2020:17:51:31 +0700] XNIO-2 task-3 GET /api/test/tutorials HTTP/1.1 200 87 -
