[01/Sep/2020:10:41:33 +0700] XNIO-2 task-1 GET /api/auth/ HTTP/1.1 404 295 -
[01/Sep/2020:10:41:34 +0700] XNIO-2 task-1 GET /favicon.ico HTTP/1.1 401 134 -
[01/Sep/2020:10:51:42 +0700] XNIO-2 task-1 GET /api/test/ HTTP/1.1 404 295 -
[01/Sep/2020:10:51:42 +0700] XNIO-2 task-1 GET /favicon.ico HTTP/1.1 401 135 -
[01/Sep/2020:11:24:20 +0700] XNIO-2 task-1 GET /api/auth/ HTTP/1.1 404 295 -
[01/Sep/2020:11:24:21 +0700] XNIO-2 task-1 GET /favicon.ico HTTP/1.1 401 136 -
[01/Sep/2020:11:42:08 +0700] XNIO-2 task-1 GET /api/test/all HTTP/1.1 200 15 -
[01/Sep/2020:11:42:55 +0700] XNIO-2 task-1 GET /api/test/all HTTP/1.1 200 15 -
[01/Sep/2020:11:43:23 +0700] XNIO-2 task-1 OPTIONS /api/auth/signup HTTP/1.1 200 - -
[01/Sep/2020:11:43:25 +0700] XNIO-2 task-1 POST /api/auth/signup HTTP/1.1 500 1814 -
[01/Sep/2020:11:44:00 +0700] XNIO-2 task-1 POST /api/auth/signup HTTP/1.1 500 1813 -
[01/Sep/2020:11:51:48 +0700] XNIO-2 task-1 GET /api/test/admin HTTP/1.1 401 1910 -
[01/Sep/2020:11:52:20 +0700] XNIO-2 task-1 GET /api/test/mod HTTP/1.1 401 1912 -
[01/Sep/2020:11:54:19 +0700] XNIO-2 task-1 POST /api/test/user HTTP/1.1 405 1639 -
[01/Sep/2020:11:54:25 +0700] XNIO-2 task-1 GET /api/test/user HTTP/1.1 401 1910 -
[01/Sep/2020:11:56:16 +0700] XNIO-2 task-1 POST /api/test/signin HTTP/1.1 404 131 -
[01/Sep/2020:11:57:19 +0700] XNIO-2 task-1 GET /api/test/admin HTTP/1.1 401 1910 -
[01/Sep/2020:12:05:51 +0700] XNIO-2 task-1 GET /api/test/all HTTP/1.1 200 15 -
[01/Sep/2020:12:05:57 +0700] XNIO-2 task-1 POST /api/auth/signup HTTP/1.1 500 1814 -
[01/Sep/2020:12:19:32 +0700] XNIO-2 task-1 POST /api/auth/signup HTTP/1.1 500 1814 -
[01/Sep/2020:12:21:09 +0700] XNIO-2 task-1 GET /api/test/all HTTP/1.1 200 15 -
[01/Sep/2020:12:21:36 +0700] XNIO-2 task-1 POST /api/auth/signup HTTP/1.1 500 1818 -
[01/Sep/2020:13:05:03 +0700] XNIO-2 task-1 OPTIONS /api/auth/signup HTTP/1.1 200 - -
[01/Sep/2020:13:05:03 +0700] XNIO-2 task-1 POST /api/auth/signup HTTP/1.1 500 1817 -
[01/Sep/2020:13:07:08 +0700] XNIO-2 task-1 POST /api/auth/signup HTTP/1.1 500 1817 -
[01/Sep/2020:13:10:18 +0700] XNIO-2 task-1 OPTIONS /api/auth/signin HTTP/1.1 200 - -
[01/Sep/2020:13:10:18 +0700] XNIO-2 task-1 POST /api/auth/signin HTTP/1.1 401 1832 -
[01/Sep/2020:13:11:23 +0700] XNIO-2 task-1 GET /api/test/all HTTP/1.1 200 15 -
[01/Sep/2020:13:11:47 +0700] XNIO-2 task-1 GET /api/test/all HTTP/1.1 200 15 -
[01/Sep/2020:13:11:49 +0700] XNIO-2 task-1 GET /api/test/all HTTP/1.1 200 15 -
[01/Sep/2020:13:11:51 +0700] XNIO-2 task-1 GET /api/test/all HTTP/1.1 200 15 -
[01/Sep/2020:13:11:54 +0700] XNIO-2 task-1 GET /api/test/all HTTP/1.1 200 15 -
[01/Sep/2020:13:11:57 +0700] XNIO-2 task-1 GET /api/test/all HTTP/1.1 200 15 -
[01/Sep/2020:13:12:17 +0700] XNIO-2 task-1 GET /api/test/all HTTP/1.1 200 15 -
[01/Sep/2020:13:12:36 +0700] XNIO-2 task-1 POST /api/auth/signup HTTP/1.1 500 1818 -
[01/Sep/2020:16:07:19 +0700] XNIO-2 task-1 GET /api/auth/ HTTP/1.1 404 295 -
[01/Sep/2020:16:07:19 +0700] XNIO-2 task-2 GET /api/test/all HTTP/1.1 200 15 -
[01/Sep/2020:16:07:20 +0700] XNIO-2 task-1 GET /favicon.ico HTTP/1.1 401 135 -
[01/Sep/2020:16:07:41 +0700] XNIO-2 task-1 OPTIONS /api/auth/signup HTTP/1.1 200 - -
[01/Sep/2020:16:07:42 +0700] XNIO-2 task-1 POST /api/auth/signup HTTP/1.1 200 68 -
[01/Sep/2020:16:09:11 +0700] XNIO-2 task-1 GET /api/test/all HTTP/1.1 200 15 -
[01/Sep/2020:16:09:29 +0700] XNIO-2 task-1 OPTIONS /api/auth/signin HTTP/1.1 200 - -
[01/Sep/2020:16:09:29 +0700] XNIO-2 task-1 POST /api/auth/signin HTTP/1.1 401 1832 -
[01/Sep/2020:16:09:47 +0700] XNIO-2 task-1 POST /api/auth/signin HTTP/1.1 200 285 -
[01/Sep/2020:16:11:14 +0700] XNIO-2 task-1 GET /api/test/all HTTP/1.1 200 15 -
[01/Sep/2020:16:14:09 +0700] XNIO-2 task-1 POST /api/auth/signup HTTP/1.1 200 68 -
[01/Sep/2020:16:17:24 +0700] XNIO-2 task-1 POST /api/auth/signin HTTP/1.1 200 284 -
[01/Sep/2020:16:20:46 +0700] XNIO-2 task-1 POST /api/auth/signin HTTP/1.1 200 281 -
[01/Sep/2020:16:21:42 +0700] XNIO-2 task-1 OPTIONS /api/test/admin HTTP/1.1 200 - -
[01/Sep/2020:16:21:42 +0700] XNIO-2 task-1 GET /api/test/admin HTTP/1.1 200 12 -
[01/Sep/2020:16:22:30 +0700] XNIO-2 task-1 OPTIONS /api/test/mod HTTP/1.1 200 - -
[01/Sep/2020:16:22:30 +0700] XNIO-2 task-1 GET /api/test/mod HTTP/1.1 403 1900 -
[01/Sep/2020:16:23:20 +0700] XNIO-2 task-1 POST /api/auth/signin HTTP/1.1 200 288 -
[01/Sep/2020:16:23:22 +0700] XNIO-2 task-1 GET /api/test/mod HTTP/1.1 200 16 -
[01/Sep/2020:16:23:25 +0700] XNIO-2 task-1 GET /api/test/all HTTP/1.1 200 15 -
[01/Sep/2020:16:23:26 +0700] XNIO-2 task-1 GET /api/test/mod HTTP/1.1 200 16 -
[01/Sep/2020:16:23:27 +0700] XNIO-2 task-1 OPTIONS /api/test/user HTTP/1.1 200 - -
[01/Sep/2020:16:23:27 +0700] XNIO-2 task-1 GET /api/test/user HTTP/1.1 200 13 -
[01/Sep/2020:16:23:30 +0700] XNIO-2 task-1 GET /api/test/mod HTTP/1.1 200 16 -
[01/Sep/2020:16:23:30 +0700] XNIO-2 task-1 GET /api/test/all HTTP/1.1 200 15 -
[01/Sep/2020:16:23:31 +0700] XNIO-2 task-1 GET /api/test/user HTTP/1.1 200 13 -
[01/Sep/2020:16:23:32 +0700] XNIO-2 task-1 GET /api/test/mod HTTP/1.1 200 16 -
[01/Sep/2020:16:23:33 +0700] XNIO-2 task-1 GET /api/test/all HTTP/1.1 200 15 -
[01/Sep/2020:16:26:27 +0700] XNIO-2 task-1 POST /api/auth/signin HTTP/1.1 200 283 -
[01/Sep/2020:16:26:38 +0700] XNIO-2 task-1 GET /api/test/admin HTTP/1.1 200 12 -
[01/Sep/2020:16:26:39 +0700] XNIO-2 task-1 GET /api/test/all HTTP/1.1 200 15 -
[01/Sep/2020:16:26:39 +0700] XNIO-2 task-1 GET /api/test/admin HTTP/1.1 200 12 -
[01/Sep/2020:16:26:40 +0700] XNIO-2 task-1 GET /api/test/all HTTP/1.1 200 15 -
[01/Sep/2020:16:28:37 +0700] XNIO-2 task-1 GET /api/test/admin HTTP/1.1 200 12 -
[01/Sep/2020:16:28:38 +0700] XNIO-2 task-1 GET /api/test/all HTTP/1.1 200 15 -
[01/Sep/2020:16:28:41 +0700] XNIO-2 task-1 GET /api/test/user HTTP/1.1 200 13 -
[01/Sep/2020:16:28:42 +0700] XNIO-2 task-1 GET /api/test/admin HTTP/1.1 200 12 -
[01/Sep/2020:16:28:42 +0700] XNIO-2 task-1 GET /api/test/all HTTP/1.1 200 15 -
[01/Sep/2020:16:28:45 +0700] XNIO-2 task-1 GET /api/test/admin HTTP/1.1 200 12 -
[01/Sep/2020:16:28:45 +0700] XNIO-2 task-1 GET /api/test/user HTTP/1.1 200 13 -
[01/Sep/2020:16:28:46 +0700] XNIO-2 task-1 GET /api/test/admin HTTP/1.1 200 12 -
[01/Sep/2020:16:28:46 +0700] XNIO-2 task-1 GET /api/test/all HTTP/1.1 200 15 -
[01/Sep/2020:16:32:18 +0700] XNIO-2 task-1 GET /api/test/user HTTP/1.1 200 13 -
[01/Sep/2020:16:32:23 +0700] XNIO-2 task-1 GET /api/test/admin HTTP/1.1 200 12 -
[01/Sep/2020:16:32:37 +0700] XNIO-2 task-1 GET /api/test/user HTTP/1.1 200 13 -
[01/Sep/2020:16:32:39 +0700] XNIO-2 task-1 GET /api/test/admin HTTP/1.1 200 12 -
[01/Sep/2020:16:32:39 +0700] XNIO-2 task-1 GET /api/test/user HTTP/1.1 200 13 -
[01/Sep/2020:16:34:23 +0700] XNIO-2 task-1 GET /api/test/admin HTTP/1.1 200 12 -
[01/Sep/2020:16:34:25 +0700] XNIO-2 task-1 GET /api/test/user HTTP/1.1 200 13 -
[01/Sep/2020:16:34:53 +0700] XNIO-2 task-1 GET /api/test/user HTTP/1.1 200 13 -
[01/Sep/2020:16:35:02 +0700] XNIO-2 task-1 GET /api/test/user HTTP/1.1 200 13 -
[01/Sep/2020:16:35:05 +0700] XNIO-2 task-1 GET /api/test/admin HTTP/1.1 200 12 -
[01/Sep/2020:16:35:06 +0700] XNIO-2 task-1 GET /api/test/user HTTP/1.1 200 13 -
[01/Sep/2020:16:35:08 +0700] XNIO-2 task-1 GET /api/test/admin HTTP/1.1 200 12 -
[01/Sep/2020:16:35:09 +0700] XNIO-2 task-1 GET /api/test/user HTTP/1.1 200 13 -
[01/Sep/2020:16:35:58 +0700] XNIO-2 task-1 GET /api/test/admin HTTP/1.1 200 12 -
[01/Sep/2020:16:35:59 +0700] XNIO-2 task-1 GET /api/test/user HTTP/1.1 200 13 -
[01/Sep/2020:16:36:45 +0700] XNIO-2 task-1 GET /api/test/user HTTP/1.1 200 13 -
[01/Sep/2020:16:38:33 +0700] XNIO-2 task-1 GET /api/test/admin HTTP/1.1 200 12 -
[01/Sep/2020:16:38:34 +0700] XNIO-2 task-1 GET /api/test/user HTTP/1.1 200 13 -
[01/Sep/2020:16:38:34 +0700] XNIO-2 task-1 GET /api/test/admin HTTP/1.1 200 12 -
[01/Sep/2020:16:40:35 +0700] XNIO-2 task-1 GET /api/test/all HTTP/1.1 200 15 -
[01/Sep/2020:16:48:49 +0700] XNIO-2 task-1 GET /api/test/all HTTP/1.1 200 15 -
[01/Sep/2020:16:49:36 +0700] XNIO-2 task-1 GET /api/test/all HTTP/1.1 200 15 -
[01/Sep/2020:16:50:10 +0700] XNIO-2 task-1 GET /api/test/all HTTP/1.1 200 15 -
[01/Sep/2020:17:02:03 +0700] XNIO-2 task-1 GET /api/test/all HTTP/1.1 200 15 -
[01/Sep/2020:17:02:04 +0700] XNIO-2 task-1 GET /api/test/admin HTTP/1.1 200 12 -
[01/Sep/2020:17:02:04 +0700] XNIO-2 task-1 GET /api/test/user HTTP/1.1 200 13 -
[01/Sep/2020:17:02:05 +0700] XNIO-2 task-1 GET /api/test/admin HTTP/1.1 200 12 -
[01/Sep/2020:17:02:23 +0700] XNIO-2 task-1 GET /api/test/user HTTP/1.1 200 13 -
[01/Sep/2020:17:02:24 +0700] XNIO-2 task-1 GET /api/test/admin HTTP/1.1 200 12 -
[01/Sep/2020:17:02:25 +0700] XNIO-2 task-1 GET /api/test/all HTTP/1.1 200 15 -
[01/Sep/2020:17:02:25 +0700] XNIO-2 task-1 GET /api/test/admin HTTP/1.1 200 12 -
[01/Sep/2020:17:02:26 +0700] XNIO-2 task-1 GET /api/test/user HTTP/1.1 200 13 -
[01/Sep/2020:17:02:26 +0700] XNIO-2 task-1 GET /api/test/admin HTTP/1.1 200 12 -
[01/Sep/2020:17:02:27 +0700] XNIO-2 task-1 GET /api/test/all HTTP/1.1 200 15 -
[01/Sep/2020:17:02:28 +0700] XNIO-2 task-1 GET /api/test/admin HTTP/1.1 200 12 -
[01/Sep/2020:17:03:10 +0700] XNIO-2 task-1 GET /api/test/admin HTTP/1.1 200 12 -
[01/Sep/2020:17:03:12 +0700] XNIO-2 task-1 GET /api/test/admin HTTP/1.1 200 12 -
[01/Sep/2020:17:03:17 +0700] XNIO-2 task-1 GET /api/test/admin HTTP/1.1 200 12 -
[01/Sep/2020:17:03:20 +0700] XNIO-2 task-1 GET /api/test/admin HTTP/1.1 200 12 -
[01/Sep/2020:17:03:39 +0700] XNIO-2 task-1 GET /api/test/admin HTTP/1.1 200 12 -
[01/Sep/2020:17:03:41 +0700] XNIO-2 task-1 GET /api/test/admin HTTP/1.1 200 12 -
[01/Sep/2020:17:06:42 +0700] XNIO-2 task-1 GET /api/test/admin HTTP/1.1 200 12 -
[01/Sep/2020:17:06:56 +0700] XNIO-2 task-1 GET /api/test/admin HTTP/1.1 200 12 -
[01/Sep/2020:17:07:19 +0700] XNIO-2 task-1 GET /api/test/admin HTTP/1.1 200 12 -
[01/Sep/2020:17:07:27 +0700] XNIO-2 task-1 GET /api/test/admin HTTP/1.1 200 12 -
[01/Sep/2020:17:07:28 +0700] XNIO-2 task-1 GET /api/test/admin HTTP/1.1 200 12 -
[01/Sep/2020:17:07:37 +0700] XNIO-2 task-1 GET /api/test/user HTTP/1.1 200 13 -
[01/Sep/2020:17:07:38 +0700] XNIO-2 task-1 GET /api/test/admin HTTP/1.1 200 12 -
